

times in msec
 clock   self+sourced   self:  sourced script
 clock   elapsed:              other lines

000.004  000.004: --- NVIM STARTING ---
000.057  000.053: event init
000.111  000.054: early init
000.135  000.024: locale set
000.159  000.023: init first window
000.376  000.217: inits 1
000.383  000.007: window checked
000.385  000.002: parsing arguments
000.667  000.042  000.042: require('vim.shared')
000.758  000.039  000.039: require('vim._meta')
000.759  000.090  000.051: require('vim._editor')
000.760  000.152  000.021: require('vim._init_packages')
000.762  000.224: init lua interpreter
000.780  000.018: expanding arguments
000.812  000.032: inits 2
000.981  000.170: init highlight
000.982  000.001: waiting for UI
001.769  000.787: done waiting for UI
001.784  000.015: init screen for UI
001.798  000.014: init default mappings
001.807  000.009: init default autocommands
002.282  000.043  000.043: sourcing /usr/share/nvim/runtime/ftplugin.vim
002.348  000.022  000.022: sourcing /usr/share/nvim/runtime/indent.vim
003.493  000.121  000.121: require('packer.util')
003.519  000.890  000.769: require('packer')
003.550  000.030  000.030: require('utils')
004.095  000.126  000.126: require('packer.log')
004.098  000.241  000.116: require('packer.async')
004.292  000.060  000.060: require('packer.result')
004.295  000.196  000.136: require('packer.jobs')
004.298  000.725  000.288: require('packer.plugin_utils')
004.435  000.129  000.129: require('packer.snapshot')
004.817  002.370  000.596: require('config.plugins')
005.011  000.191  000.191: require('config.autopairs')
005.405  000.062  000.062: require('gitsigns.async')
005.449  000.041  000.041: require('gitsigns.status')
005.785  000.092  000.092: require('gitsigns.debug')
005.897  000.110  000.110: require('gitsigns.util')
005.967  000.068  000.068: require('gitsigns.subprocess')
006.465  000.030  000.030: require('gitsigns.message')
006.479  000.319  000.288: require('gitsigns.config')
006.505  000.024  000.024: require('gitsigns.signs.base')
006.507  000.379  000.037: require('gitsigns.signs')
006.511  000.542  000.162: require('gitsigns.hunks')
006.519  001.068  000.256: require('gitsigns.git')
006.842  000.075  000.075: require('gitsigns.cache')
006.923  000.079  000.079: require('gitsigns.debounce')
006.975  000.050  000.050: require('gitsigns.diff')
007.016  000.496  000.292: require('gitsigns.manager')
007.048  000.031  000.031: require('gitsigns.nvim')
007.116  000.066  000.066: require('gitsigns.highlight')
007.123  002.049  000.284: require('gitsigns')
008.835  000.102  000.102: require('gitsigns.signs.vimfn')
008.898  000.030  000.030: require('gitsigns.nvim.autocmds')
008.932  000.023  000.023: require('gitsigns.nvim.command')
009.694  004.681  002.477: require('config.gitsigns')
010.076  000.080  000.080: require('catppuccin')
010.143  000.064  000.064: require('catppuccin.config')
010.216  000.070  000.070: require('catppuccin.lib.highlighter')
010.718  000.263  000.263: require('catppuccin.lib.hsluv')
010.722  000.376  000.112: require('catppuccin.utils.colors')
010.724  000.418  000.043: require('catppuccin.lib.ui')
010.725  000.505  000.087: require('catppuccin.lib.mapper')
010.767  000.039  000.039: require('catppuccin.palettes')
010.813  000.026  000.026: require('catppuccin.palettes.mocha')
010.910  000.049  000.049: require('catppuccin.groups.properties')
011.013  000.097  000.097: require('catppuccin.groups.syntax')
011.278  000.199  000.199: require('catppuccin.groups.editor')
011.353  000.043  000.043: require('catppuccin.groups.integrations.gitsigns')
011.468  000.087  000.087: require('catppuccin.groups.integrations.cmp')
011.579  000.076  000.076: require('catppuccin.groups.integrations.native_lsp')
011.710  000.098  000.098: require('catppuccin.groups.integrations.treesitter')
011.762  000.025  000.025: require('catppuccin.groups.integrations.telescope')
011.841  000.047  000.047: require('catppuccin.groups.integrations.nvimtree')
011.934  000.046  000.046: require('catppuccin.groups.integrations.markdown')
012.011  000.040  000.040: require('catppuccin.groups.integrations.indent_blankline')
012.104  000.027  000.027: require('catppuccin.groups.integrations.dashboard')
012.151  000.022  000.022: require('catppuccin.groups.integrations.telekasten')
012.213  000.040  000.040: require('catppuccin.groups.integrations.symbols_outline')
012.368  000.131  000.131: require('catppuccin.groups.integrations.vimwiki')
012.417  000.022  000.022: require('catppuccin.groups.integrations.beacon')
012.478  000.038  000.038: require('catppuccin.groups.integrations.notify')
012.568  000.068  000.068: require('catppuccin.groups.integrations.bufferline')
012.639  000.041  000.041: require('catppuccin.groups.terminal')
013.530  003.547  001.566: sourcing /home/oodake/.local/share/nvim/site/pack/packer/start/catppucin/colors/catppuccin.lua
013.695  000.073  000.073: sourcing /usr/share/nvim/runtime/syntax/synload.vim
013.915  000.010  000.010: sourcing /home/oodake/.local/share/nvim/site/pack/packer/start/editorconfig.nvim/ftdetect/editorconfig.vim
014.025  000.258  000.248: sourcing /usr/share/nvim/runtime/filetype.lua
014.045  000.009  000.009: sourcing /usr/share/nvim/runtime/filetype.vim
014.926  000.764  000.764: require('vim.filetype')
016.075  000.771  000.771: require('vim.filetype.detect')
016.158  000.011  000.011: sourcing /usr/share/nvim/runtime/scripts.vim
016.166  002.604  000.719: sourcing /usr/share/nvim/runtime/syntax/syntax.vim
016.173  006.474  000.323: require('config.colorscheme')
016.284  000.110  000.110: require('config.vimsettings')
016.482  000.195  000.195: require('config.keysettings')
019.381  016.992  002.972: sourcing /home/oodake/.config/nvim/init.lua
019.394  000.529: sourcing vimrc file(s)
019.924  000.166  000.166: sourcing /usr/share/nvim/runtime/plugin/gzip.vim
019.942  000.006  000.006: sourcing /usr/share/nvim/runtime/plugin/health.vim
019.980  000.031  000.031: sourcing /usr/share/nvim/runtime/plugin/man.vim
020.346  000.212  000.212: sourcing /usr/share/nvim/runtime/pack/dist/opt/matchit/plugin/matchit.vim
020.416  000.426  000.214: sourcing /usr/share/nvim/runtime/plugin/matchit.vim
020.600  000.174  000.174: sourcing /usr/share/nvim/runtime/plugin/matchparen.vim
020.874  000.262  000.262: sourcing /usr/share/nvim/runtime/plugin/netrwPlugin.vim
021.024  000.007  000.007: sourcing /home/oodake/.local/share/nvim/rplugin.vim
021.045  000.142  000.135: sourcing /usr/share/nvim/runtime/plugin/rplugin.vim
021.117  000.061  000.061: sourcing /usr/share/nvim/runtime/plugin/shada.vim
021.161  000.017  000.017: sourcing /usr/share/nvim/runtime/plugin/spellfile.vim
021.267  000.096  000.096: sourcing /usr/share/nvim/runtime/plugin/tarPlugin.vim
021.341  000.058  000.058: sourcing /usr/share/nvim/runtime/plugin/tohtml.vim
021.364  000.012  000.012: sourcing /usr/share/nvim/runtime/plugin/tutor.vim
021.487  000.111  000.111: sourcing /usr/share/nvim/runtime/plugin/zipPlugin.vim
025.054  002.703  002.703: require('impatient')
025.133  000.073  000.073: require('impatient.profile')
025.140  003.229  000.454: require('config.impatient')
025.339  000.050  000.050: require('hop.perm')
025.425  000.044  000.044: require('hop.priority')
025.428  000.085  000.041: require('hop.hint')
025.430  000.188  000.053: require('hop.defaults')
025.491  000.026  000.026: require('hop.window')
025.494  000.062  000.036: require('hop.jump_target')
025.499  000.356  000.106: require('hop')
025.593  000.091  000.091: require('hop.highlight')
025.943  000.114  000.114: require('nvim-surround.config')
025.950  000.178  000.065: require('nvim-surround.buffer')
025.992  000.040  000.040: require('nvim-surround.cache')
026.133  000.070  000.070: require('nvim-surround.patterns')
026.137  000.142  000.072: require('nvim-surround.utils')
026.140  000.455  000.095: require('nvim-surround')
026.438  000.007  000.007: require('vim.keymap')
026.896  000.040  000.040: require('Comment')
027.038  000.033  000.033: require('Comment.config')
027.080  000.038  000.038: require('Comment.utils')
027.112  000.029  000.029: require('Comment.opfunc')
027.141  000.027  000.027: require('Comment.extra')
027.166  000.245  000.117: require('Comment.api')
027.443  000.061  000.061: require('packer.load')
027.962  000.213  000.213: require('bufferline.lazy')
028.089  000.118  000.118: require('bufferline.constants')
028.230  000.138  000.138: require('bufferline.commands')
028.264  000.640  000.171: require('bufferline')
028.411  000.143  000.143: require('bufferline.utils')
028.509  000.092  000.092: require('bufferline.config')
028.577  000.063  000.063: require('bufferline.groups')
028.627  000.033  000.033: require('bufferline.colors')
028.917  000.100  000.100: require('bufferline.highlights')
029.049  000.006  000.006: require('vim.F')
030.898  000.064  000.064: require('lualine_require')
031.131  000.382  000.318: require('lualine')
034.874  000.082  000.082: require('lualine.utils.mode')
035.208  004.797  004.333: require('config.lualine_setting')
035.525  000.030  000.030: require('nvim-autopairs._log')
035.629  000.101  000.101: require('nvim-autopairs.utils')
035.743  000.038  000.038: require('nvim-autopairs.conds')
035.748  000.078  000.040: require('nvim-autopairs.rule')
035.750  000.117  000.040: require('nvim-autopairs.rules.basic')
035.756  000.349  000.101: require('nvim-autopairs')
036.217  000.078  000.078: sourcing /home/oodake/.local/share/nvim/site/pack/packer/opt/move.nvim/plugin/move.vim
036.452  000.030  000.030: sourcing /home/oodake/.local/share/nvim/site/pack/packer/opt/neo-tree.nvim/plugin/neo-tree.vim
036.883  000.100  000.100: require('neo-tree.log')
036.911  000.021  000.021: require('ffi')
036.929  000.213  000.093: require('neo-tree.utils')
037.091  000.044  000.044: require('nui.object')
037.163  000.043  000.043: require('nui.utils')
037.208  000.114  000.071: require('nui.text')
037.219  000.202  000.044: require('nui.line')
037.297  000.026  000.026: require('nui.tree.util')
037.306  000.084  000.057: require('nui.tree')
037.374  000.025  000.025: require('nui.utils.buf_storage')
037.431  000.055  000.055: require('nui.utils.autocmd')
037.465  000.032  000.032: require('nui.utils.keymap')
037.526  000.030  000.030: require('nui.layout.utils')
037.529  000.062  000.032: require('nui.split.utils')
037.538  000.231  000.057: require('nui.split')
037.712  000.131  000.131: require('nui.popup.border')
037.727  000.186  000.055: require('nui.popup')
037.789  000.059  000.059: require('neo-tree.ui.highlights')
037.866  000.042  000.042: require('nui.input')
037.870  000.078  000.036: require('neo-tree.ui.popups')
037.959  000.038  000.038: require('neo-tree.events.queue')
037.962  000.091  000.053: require('neo-tree.events')
037.974  001.043  000.113: require('neo-tree.ui.renderer')
038.207  000.044  000.044: require('plenary.functional')
038.215  000.109  000.065: require('plenary.job')
038.217  000.146  000.037: require('neo-tree.sources.filesystem.lib.filter_external')
038.374  000.059  000.059: require('plenary.iterators')
038.562  000.062  000.062: require('plenary.bit')
038.579  000.201  000.139: require('plenary.path')
038.582  000.325  000.065: require('neo-tree.sources.common.file-nesting')
038.714  000.026  000.026: require('neo-tree.git.utils')
038.717  000.069  000.043: require('neo-tree.git.status')
038.748  000.029  000.029: require('neo-tree.git.ignored')
038.750  000.166  000.068: require('neo-tree.git')
038.753  000.533  000.043: require('neo-tree.sources.common.file-items')
038.791  000.036  000.036: require('neo-tree.sources.filesystem.lib.fs_watch')
038.795  000.767  000.052: require('neo-tree.sources.filesystem.lib.fs_scan')
038.827  000.030  000.030: require('neo-tree.ui.inputs')
038.840  000.864  000.067: require('neo-tree.sources.manager')
038.944  000.058  000.058: require('neo-tree.defaults')
039.033  000.086  000.086: require('neo-tree.setup.mapping-helper')
039.139  000.034  000.034: require('neo-tree.command.parser')
039.170  000.027  000.027: require('neo-tree.command.completion')
039.172  000.096  000.036: require('neo-tree.command')
039.175  000.135  000.038: require('neo-tree.setup.netrw')
039.177  000.335  000.056: require('neo-tree.setup')
039.195  002.598  000.143: require('neo-tree')
039.650  000.045  000.045: require('neo-tree.setup.deprecations')
040.571  000.100  000.100: require('neo-tree.sources.filesystem')
040.684  000.069  000.069: require('neo-tree.sources.buffers.lib.items')
040.688  000.110  000.042: require('neo-tree.sources.buffers')
040.750  000.028  000.028: require('neo-tree.sources.git_status.lib.items')
040.753  000.061  000.033: require('neo-tree.sources.git_status')
040.794  000.038  000.038: require('vim.inspect')
041.074  000.039  000.039: require('neo-tree.sources.common.container')
041.079  000.091  000.052: require('neo-tree.sources.common.components')
041.125  000.186  000.095: require('neo-tree.sources.buffers.components')
041.389  000.087  000.087: require('plenary.scandir')
041.449  000.027  000.027: require('plenary.reload')
041.651  000.257  000.230: require('plenary')
041.790  000.054  000.054: require('plenary.bit')
041.820  000.028  000.028: require('plenary.functional')
041.834  000.178  000.097: require('plenary.path')
041.839  000.598  000.075: require('neo-tree.sources.filesystem.lib.fs_actions')
041.882  000.039  000.039: require('neo-tree.sources.common.help')
041.926  000.042  000.042: require('neo-tree.sources.common.preview')
041.934  000.752  000.074: require('neo-tree.sources.common.commands')
042.014  000.885  000.133: require('neo-tree.sources.buffers.commands')
042.249  000.056  000.056: require('neo-tree.sources.git_status.components')
042.333  000.080  000.080: require('neo-tree.sources.git_status.commands')
042.430  000.040  000.040: require('neo-tree.sources.filesystem.components')
042.510  000.040  000.040: require('neo-tree.sources.filesystem.lib.filter')
042.526  000.092  000.052: require('neo-tree.sources.filesystem.commands')
043.605  000.043  000.043: require('neo-tree.sources.filesystem.lib.globtopattern')
043.886  007.368  003.034: require('config.neo-tree')
044.332  000.050  000.050: require('nvim-treesitter.utils')
044.538  000.022  000.022: require('vim.treesitter.language')
044.545  000.062  000.041: require('vim.treesitter.query')
044.583  000.036  000.036: require('vim.treesitter.languagetree')
044.626  000.176  000.078: require('vim.treesitter')
044.724  000.388  000.212: require('nvim-treesitter.parsers')
045.081  000.063  000.063: require('nvim-treesitter.ts_utils')
045.089  000.141  000.078: require('nvim-treesitter.tsrange')
045.123  000.032  000.032: require('nvim-treesitter.caching')
045.146  000.272  000.098: require('nvim-treesitter.query')
045.170  000.398  000.127: require('nvim-treesitter.configs')
045.173  000.446  000.047: require('nvim-treesitter.info')
045.262  000.087  000.087: require('nvim-treesitter.shell_command_selectors')
045.291  001.133  000.163: require('nvim-treesitter.install')
045.332  000.037  000.037: require('nvim-treesitter.statusline')
045.374  000.040  000.040: require('nvim-treesitter.query_predicates')
045.376  001.252  000.043: require('nvim-treesitter')
045.767  000.077  000.077: require('vim.treesitter.highlighter')
045.777  000.197  000.119: require('nvim-treesitter.highlight')
045.969  001.880  000.431: sourcing /home/oodake/.local/share/nvim/site/pack/packer/opt/nvim-treesitter/plugin/nvim-treesitter.lua
046.555  000.060  000.060: require('nvim-treesitter.indent')
046.654  000.596  000.536: require('config.treesitter')
046.859  000.074  000.074: sourcing /home/oodake/.local/share/nvim/site/pack/packer/opt/nvim-treehopper/plugin/tsht.vim
047.061  000.077  000.077: require('tsht')
047.308  025.771  004.960: sourcing /home/oodake/.config/nvim/plugin/packer_compiled.lua
047.412  000.685: loading rtp plugins
047.752  000.207  000.207: sourcing /home/oodake/.local/share/nvim/site/pack/packer/start/Comment.nvim/plugin/Comment.lua
047.813  000.011  000.011: sourcing /home/oodake/.local/share/nvim/site/pack/packer/start/catppucin/plugin/catppuccin.vim
047.930  000.032  000.032: sourcing /home/oodake/.local/share/nvim/site/pack/packer/start/editorconfig.nvim/plugin/editorconfig.vim
048.156  000.147  000.147: sourcing /home/oodake/.local/share/nvim/site/pack/packer/start/hop.nvim/plugin/hop.vim
048.447  000.157  000.157: sourcing /home/oodake/.local/share/nvim/site/pack/packer/start/jupytext.vim/plugin/jupytext.vim
048.566  000.029  000.029: sourcing /home/oodake/.local/share/nvim/site/pack/packer/start/nvim-web-devicons/plugin/nvim-web-devicons.vim
048.662  000.025  000.025: sourcing /home/oodake/.local/share/nvim/site/pack/packer/start/plenary.nvim/plugin/plenary.vim
048.733  000.714: loading packages
049.052  000.318: loading after plugins
049.063  000.011: inits 3
050.594  001.531: reading ShaDa
051.330  000.737: opening buffers
051.416  000.069  000.069: require('bufferline.state')
051.652  000.253: BufEnter autocommands
051.655  000.004: editing files in windows
051.776  000.091  000.091: require('gitsigns.nvim.highlights')
052.129  000.100  000.100: require('editorconfig')
052.252  000.407: VimEnter autocommands
052.256  000.003: UIEnter autocommands
052.474  000.123  000.123: sourcing /usr/share/nvim/runtime/autoload/provider/clipboard.vim
052.480  000.101: before starting main loop
052.707  000.057  000.057: require('bufferline.pick')
052.758  000.046  000.046: require('bufferline.duplicates')
052.852  000.091  000.091: require('bufferline.diagnostics')
052.975  000.119  000.119: require('bufferline.models')
052.979  000.390  000.076: require('bufferline.buffers')
053.360  000.339  000.339: require('nvim-web-devicons')
055.936  000.159  000.159: require('bufferline.ui')
056.148  000.077  000.077: require('bufferline.numbers')
056.551  000.054  000.054: require('bufferline.sorters')
056.650  000.077  000.077: require('bufferline.tabpages')
056.793  000.056  000.056: require('bufferline.offset')
056.880  000.072  000.072: require('bufferline.custom_area')
057.723  004.019: first screen update
057.726  000.003: --- NVIM STARTED ---


times in msec
 clock   self+sourced   self:  sourced script
 clock   elapsed:              other lines

000.004  000.004: --- NVIM STARTING ---
000.058  000.054: event init
000.115  000.057: early init
000.143  000.028: locale set
000.167  000.024: init first window
000.404  000.237: inits 1
000.413  000.009: window checked
000.415  000.002: parsing arguments
000.723  000.053  000.053: require('vim.shared')
000.848  000.041  000.041: require('vim._meta')
000.849  000.108  000.067: require('vim._editor')
000.850  000.199  000.039: require('vim._init_packages')
000.852  000.237: init lua interpreter
000.926  000.075: expanding arguments
000.970  000.043: inits 2
001.336  000.366: init highlight
001.338  000.002: waiting for UI
002.265  000.927: done waiting for UI
002.285  000.020: init screen for UI
002.304  000.019: init default mappings
002.317  000.013: init default autocommands
002.765  000.059  000.059: sourcing /usr/share/nvim/runtime/ftplugin.vim
002.836  000.023  000.023: sourcing /usr/share/nvim/runtime/indent.vim
003.914  000.169  000.169: require('packer.util')
003.943  000.853  000.684: require('packer')
003.979  000.035  000.035: require('utils')
004.510  000.146  000.146: require('packer.log')
004.514  000.250  000.104: require('packer.async')
004.689  000.053  000.053: require('packer.result')
004.691  000.177  000.123: require('packer.jobs')
004.695  000.691  000.265: require('packer.plugin_utils')
004.831  000.130  000.130: require('packer.snapshot')
005.289  002.382  000.674: require('config.plugins')
005.471  000.179  000.179: require('config.autopairs')
005.813  000.058  000.058: require('gitsigns.async')
005.852  000.036  000.036: require('gitsigns.status')
006.192  000.094  000.094: require('gitsigns.debug')
006.309  000.115  000.115: require('gitsigns.util')
006.396  000.085  000.085: require('gitsigns.subprocess')
006.857  000.029  000.029: require('gitsigns.message')
006.873  000.267  000.238: require('gitsigns.config')
006.898  000.024  000.024: require('gitsigns.signs.base')
006.901  000.330  000.039: require('gitsigns.signs')
006.904  000.505  000.176: require('gitsigns.hunks')
006.912  001.058  000.260: require('gitsigns.git')
007.236  000.062  000.062: require('gitsigns.cache')
007.315  000.077  000.077: require('gitsigns.debounce')
007.353  000.035  000.035: require('gitsigns.diff')
007.382  000.469  000.295: require('gitsigns.manager')
007.424  000.039  000.039: require('gitsigns.nvim')
007.501  000.076  000.076: require('gitsigns.highlight')
007.509  001.994  000.259: require('gitsigns')
009.075  000.108  000.108: require('gitsigns.signs.vimfn')
009.141  000.030  000.030: require('gitsigns.nvim.autocmds')
009.177  000.024  000.024: require('gitsigns.nvim.command')
009.792  004.319  002.163: require('config.gitsigns')
010.190  000.088  000.088: require('catppuccin')
010.261  000.069  000.069: require('catppuccin.config')
010.327  000.063  000.063: require('catppuccin.lib.highlighter')
010.792  000.247  000.247: require('catppuccin.lib.hsluv')
010.796  000.364  000.117: require('catppuccin.utils.colors')
010.798  000.397  000.033: require('catppuccin.lib.ui')
010.799  000.470  000.073: require('catppuccin.lib.mapper')
010.833  000.031  000.031: require('catppuccin.palettes')
010.863  000.026  000.026: require('catppuccin.palettes.mocha')
010.941  000.028  000.028: require('catppuccin.groups.properties')
011.025  000.079  000.079: require('catppuccin.groups.syntax')
011.205  000.145  000.145: require('catppuccin.groups.editor')
011.295  000.059  000.059: require('catppuccin.groups.integrations.telescope')
011.379  000.049  000.049: require('catppuccin.groups.integrations.nvimtree')
011.488  000.057  000.057: require('catppuccin.groups.integrations.indent_blankline')
011.523  000.025  000.025: require('catppuccin.groups.integrations.dashboard')
011.585  000.029  000.029: require('catppuccin.groups.integrations.telekasten')
011.614  000.019  000.019: require('catppuccin.groups.integrations.symbols_outline')
011.657  000.035  000.035: require('catppuccin.groups.integrations.vimwiki')
011.721  000.053  000.053: require('catppuccin.groups.integrations.beacon')
011.905  000.148  000.148: require('catppuccin.groups.integrations.treesitter')
011.965  000.033  000.033: require('catppuccin.groups.integrations.markdown')
012.020  000.037  000.037: require('catppuccin.groups.integrations.notify')
012.091  000.046  000.046: require('catppuccin.groups.integrations.bufferline')
012.258  000.140  000.140: require('catppuccin.groups.integrations.cmp')
012.313  000.030  000.030: require('catppuccin.groups.integrations.gitsigns')
012.434  000.096  000.096: require('catppuccin.groups.integrations.native_lsp')
012.556  000.038  000.038: require('catppuccin.groups.terminal')
013.517  003.429  001.536: sourcing /home/oodake/.local/share/nvim/site/pack/packer/start/catppucin/colors/catppuccin.lua
013.674  000.071  000.071: sourcing /usr/share/nvim/runtime/syntax/synload.vim
013.857  000.010  000.010: sourcing /home/oodake/.local/share/nvim/site/pack/packer/start/editorconfig.nvim/ftdetect/editorconfig.vim
013.969  000.221  000.211: sourcing /usr/share/nvim/runtime/filetype.lua
013.989  000.009  000.009: sourcing /usr/share/nvim/runtime/filetype.vim
015.241  001.133  001.133: require('vim.filetype')
016.499  000.745  000.745: require('vim.filetype.detect')
016.587  000.012  000.012: sourcing /usr/share/nvim/runtime/scripts.vim
016.596  003.051  000.860: sourcing /usr/share/nvim/runtime/syntax/syntax.vim
016.601  006.805  000.325: require('config.colorscheme')
016.672  000.070  000.070: require('config.vimsettings')
016.846  000.172  000.172: require('config.keysettings')
019.860  016.995  003.067: sourcing /home/oodake/.config/nvim/init.lua
019.874  000.480: sourcing vimrc file(s)
020.355  000.121  000.121: sourcing /usr/share/nvim/runtime/plugin/gzip.vim
020.370  000.006  000.006: sourcing /usr/share/nvim/runtime/plugin/health.vim
020.420  000.043  000.043: sourcing /usr/share/nvim/runtime/plugin/man.vim
020.709  000.152  000.152: sourcing /usr/share/nvim/runtime/pack/dist/opt/matchit/plugin/matchit.vim
020.762  000.330  000.178: sourcing /usr/share/nvim/runtime/plugin/matchit.vim
020.883  000.113  000.113: sourcing /usr/share/nvim/runtime/plugin/matchparen.vim
021.150  000.257  000.257: sourcing /usr/share/nvim/runtime/plugin/netrwPlugin.vim
021.265  000.006  000.006: sourcing /home/oodake/.local/share/nvim/rplugin.vim
021.273  000.109  000.103: sourcing /usr/share/nvim/runtime/plugin/rplugin.vim
021.328  000.045  000.045: sourcing /usr/share/nvim/runtime/plugin/shada.vim
021.356  000.017  000.017: sourcing /usr/share/nvim/runtime/plugin/spellfile.vim
021.463  000.096  000.096: sourcing /usr/share/nvim/runtime/plugin/tarPlugin.vim
021.536  000.058  000.058: sourcing /usr/share/nvim/runtime/plugin/tohtml.vim
021.558  000.011  000.011: sourcing /usr/share/nvim/runtime/plugin/tutor.vim
021.688  000.120  000.120: sourcing /usr/share/nvim/runtime/plugin/zipPlugin.vim
024.832  002.413  002.413: require('impatient')
024.994  000.158  000.158: require('impatient.profile')
025.002  002.911  000.340: require('config.impatient')
025.133  000.055  000.055: require('hop.perm')
025.256  000.090  000.090: require('hop.priority')
025.260  000.122  000.032: require('hop.hint')
025.261  000.209  000.031: require('hop.defaults')
025.358  000.028  000.028: require('hop.window')
025.363  000.099  000.071: require('hop.jump_target')
025.367  000.362  000.053: require('hop')
025.419  000.049  000.049: require('hop.highlight')
025.627  000.068  000.068: require('nvim-surround.config')
025.634  000.104  000.035: require('nvim-surround.buffer')
025.751  000.115  000.115: require('nvim-surround.cache')
025.965  000.144  000.144: require('nvim-surround.patterns')
025.969  000.214  000.070: require('nvim-surround.utils')
025.972  000.482  000.050: require('nvim-surround')
026.105  000.006  000.006: require('vim.keymap')
026.560  000.083  000.083: require('Comment')
026.716  000.068  000.068: require('Comment.config')
026.760  000.040  000.040: require('Comment.utils')
026.790  000.028  000.028: require('Comment.opfunc')
026.817  000.025  000.025: require('Comment.extra')
026.840  000.275  000.115: require('Comment.api')
026.979  000.038  000.038: require('packer.load')
027.293  000.110  000.110: require('bufferline.lazy')
027.361  000.062  000.062: require('bufferline.constants')
027.451  000.086  000.086: require('bufferline.commands')
027.476  000.339  000.082: require('bufferline')
027.522  000.043  000.043: require('bufferline.utils')
027.595  000.069  000.069: require('bufferline.config')
027.656  000.054  000.054: require('bufferline.groups')
027.697  000.027  000.027: require('bufferline.colors')
027.833  000.061  000.061: require('bufferline.highlights')
028.060  000.005  000.005: require('vim.F')
029.351  000.031  000.031: require('lualine_require')
029.600  000.323  000.291: require('lualine')
032.707  000.068  000.068: require('lualine.utils.mode')
033.985  004.885  004.495: require('config.lualine_setting')
034.282  000.027  000.027: require('nvim-autopairs._log')
034.445  000.120  000.120: require('nvim-autopairs.utils')
034.587  000.038  000.038: require('nvim-autopairs.conds')
034.591  000.076  000.038: require('nvim-autopairs.rule')
034.595  000.122  000.046: require('nvim-autopairs.rules.basic')
034.604  000.453  000.183: require('nvim-autopairs')
035.044  000.052  000.052: sourcing /home/oodake/.local/share/nvim/site/pack/packer/opt/move.nvim/plugin/move.vim
035.251  000.025  000.025: sourcing /home/oodake/.local/share/nvim/site/pack/packer/opt/neo-tree.nvim/plugin/neo-tree.vim
035.699  000.149  000.149: require('neo-tree.log')
035.720  000.016  000.016: require('ffi')
035.737  000.258  000.092: require('neo-tree.utils')
035.913  000.035  000.035: require('nui.object')
035.983  000.040  000.040: require('nui.utils')
035.991  000.074  000.035: require('nui.text')
036.018  000.169  000.060: require('nui.line')
036.147  000.052  000.052: require('nui.tree.util')
036.155  000.135  000.084: require('nui.tree')
036.216  000.024  000.024: require('nui.utils.buf_storage')
036.264  000.046  000.046: require('nui.utils.autocmd')
036.295  000.029  000.029: require('nui.utils.keymap')
036.351  000.028  000.028: require('nui.layout.utils')
036.354  000.056  000.028: require('nui.split.utils')
036.431  000.274  000.119: require('nui.split')
036.623  000.140  000.140: require('nui.popup.border')
036.636  000.200  000.060: require('nui.popup')
036.694  000.056  000.056: require('neo-tree.ui.highlights')
036.830  000.104  000.104: require('nui.input')
036.835  000.138  000.035: require('neo-tree.ui.popups')
036.925  000.035  000.035: require('neo-tree.events.queue')
036.928  000.091  000.055: require('neo-tree.events')
036.938  001.199  000.136: require('neo-tree.ui.renderer')
037.129  000.025  000.025: require('plenary.functional')
037.135  000.073  000.049: require('plenary.job')
037.138  000.110  000.036: require('neo-tree.sources.filesystem.lib.filter_external')
037.236  000.042  000.042: require('plenary.iterators')
037.316  000.028  000.028: require('plenary.bit')
037.330  000.091  000.063: require('plenary.path')
037.332  000.162  000.029: require('neo-tree.sources.common.file-nesting')
037.464  000.044  000.044: require('neo-tree.git.utils')
037.468  000.109  000.065: require('neo-tree.git.status')
037.497  000.028  000.028: require('neo-tree.git.ignored')
037.500  000.166  000.029: require('neo-tree.git')
037.502  000.362  000.035: require('neo-tree.sources.common.file-items')
037.537  000.034  000.034: require('neo-tree.sources.filesystem.lib.fs_watch')
037.540  000.550  000.045: require('neo-tree.sources.filesystem.lib.fs_scan')
037.570  000.027  000.027: require('neo-tree.ui.inputs')
037.581  000.640  000.063: require('neo-tree.sources.manager')
037.671  000.048  000.048: require('neo-tree.defaults')
037.712  000.039  000.039: require('neo-tree.setup.mapping-helper')
037.800  000.029  000.029: require('neo-tree.command.parser')
037.834  000.030  000.030: require('neo-tree.command.completion')
037.836  000.093  000.033: require('neo-tree.command')
037.837  000.121  000.028: require('neo-tree.setup.netrw')
037.839  000.257  000.049: require('neo-tree.setup')
037.845  002.404  000.050: require('neo-tree')
038.580  000.068  000.068: require('neo-tree.setup.deprecations')
039.326  000.052  000.052: require('neo-tree.sources.filesystem')
039.409  000.041  000.041: require('neo-tree.sources.buffers.lib.items')
039.416  000.084  000.043: require('neo-tree.sources.buffers')
039.503  000.041  000.041: require('neo-tree.sources.git_status.lib.items')
039.506  000.077  000.035: require('neo-tree.sources.git_status')
039.585  000.076  000.076: require('vim.inspect')
039.757  000.034  000.034: require('neo-tree.sources.common.container')
039.761  000.076  000.042: require('neo-tree.sources.common.components')
039.816  000.164  000.089: require('neo-tree.sources.buffers.components')
040.020  000.076  000.076: require('plenary.scandir')
040.074  000.023  000.023: require('plenary.reload')
040.280  000.255  000.232: require('plenary')
040.377  000.037  000.037: require('plenary.bit')
040.413  000.033  000.033: require('plenary.functional')
040.425  000.141  000.071: require('plenary.path')
040.429  000.528  000.056: require('neo-tree.sources.filesystem.lib.fs_actions')
040.466  000.033  000.033: require('neo-tree.sources.common.help')
040.502  000.034  000.034: require('neo-tree.sources.common.preview')
040.509  000.650  000.056: require('neo-tree.sources.common.commands')
040.518  000.697  000.047: require('neo-tree.sources.buffers.commands')
040.678  000.039  000.039: require('neo-tree.sources.filesystem.components')
040.755  000.038  000.038: require('neo-tree.sources.filesystem.lib.filter')
040.806  000.125  000.086: require('neo-tree.sources.filesystem.commands')
040.974  000.038  000.038: require('neo-tree.sources.git_status.components')
041.053  000.075  000.075: require('neo-tree.sources.git_status.commands')
042.057  000.043  000.043: require('neo-tree.sources.filesystem.lib.globtopattern')
042.306  006.975  003.033: require('config.neo-tree')
042.665  000.038  000.038: require('nvim-treesitter.utils')
042.841  000.021  000.021: require('vim.treesitter.language')
042.847  000.057  000.037: require('vim.treesitter.query')
042.885  000.035  000.035: require('vim.treesitter.languagetree')
042.925  000.161  000.068: require('vim.treesitter')
043.104  000.435  000.275: require('nvim-treesitter.parsers')
043.350  000.058  000.058: require('nvim-treesitter.ts_utils')
043.358  000.105  000.047: require('nvim-treesitter.tsrange')
043.393  000.033  000.033: require('nvim-treesitter.caching')
043.415  000.212  000.074: require('nvim-treesitter.query')
043.433  000.282  000.070: require('nvim-treesitter.configs')
043.437  000.330  000.048: require('nvim-treesitter.info')
043.511  000.072  000.072: require('nvim-treesitter.shell_command_selectors')
043.537  000.963  000.088: require('nvim-treesitter.install')
043.588  000.048  000.048: require('nvim-treesitter.statusline')
043.633  000.043  000.043: require('nvim-treesitter.query_predicates')
043.635  001.093  000.038: require('nvim-treesitter')
043.955  000.074  000.074: require('vim.treesitter.highlighter')
043.963  000.155  000.081: require('nvim-treesitter.highlight')
044.118  001.608  000.360: sourcing /home/oodake/.local/share/nvim/site/pack/packer/opt/nvim-treesitter/plugin/nvim-treesitter.lua
044.672  000.050  000.050: require('nvim-treesitter.indent')
044.685  000.502  000.453: require('config.treesitter')
044.863  000.056  000.056: sourcing /home/oodake/.local/share/nvim/site/pack/packer/opt/nvim-treehopper/plugin/tsht.vim
044.999  000.054  000.054: require('tsht')
045.180  023.428  004.015: sourcing /home/oodake/.config/nvim/plugin/packer_compiled.lua
045.277  000.650: loading rtp plugins
045.667  000.177  000.177: sourcing /home/oodake/.local/share/nvim/site/pack/packer/start/Comment.nvim/plugin/Comment.lua
045.743  000.010  000.010: sourcing /home/oodake/.local/share/nvim/site/pack/packer/start/catppucin/plugin/catppuccin.vim
045.827  000.029  000.029: sourcing /home/oodake/.local/share/nvim/site/pack/packer/start/editorconfig.nvim/plugin/editorconfig.vim
046.041  000.149  000.149: sourcing /home/oodake/.local/share/nvim/site/pack/packer/start/hop.nvim/plugin/hop.vim
046.291  000.164  000.164: sourcing /home/oodake/.local/share/nvim/site/pack/packer/start/jupytext.vim/plugin/jupytext.vim
046.476  000.046  000.046: sourcing /home/oodake/.local/share/nvim/site/pack/packer/start/nvim-web-devicons/plugin/nvim-web-devicons.vim
046.571  000.024  000.024: sourcing /home/oodake/.local/share/nvim/site/pack/packer/start/plenary.nvim/plugin/plenary.vim
046.641  000.765: loading packages
047.069  000.429: loading after plugins
047.081  000.011: inits 3
048.480  001.399: reading ShaDa
048.838  000.358: opening buffers
048.898  000.045  000.045: require('bufferline.state')
049.079  000.196: BufEnter autocommands
049.082  000.003: editing files in windows
049.240  000.051  000.051: require('gitsigns.nvim.highlights')
049.489  000.086  000.086: require('editorconfig')
049.530  000.311: VimEnter autocommands
049.532  000.002: UIEnter autocommands
049.725  000.113  000.113: sourcing /usr/share/nvim/runtime/autoload/provider/clipboard.vim
049.730  000.085: before starting main loop
049.918  000.040  000.040: require('bufferline.pick')
049.978  000.055  000.055: require('bufferline.duplicates')
050.074  000.094  000.094: require('bufferline.diagnostics')
050.146  000.069  000.069: require('bufferline.models')
050.150  000.321  000.063: require('bufferline.buffers')
050.627  000.324  000.324: require('nvim-web-devicons')
053.110  000.111  000.111: require('bufferline.ui')
053.270  000.053  000.053: require('bufferline.numbers')
053.538  000.048  000.048: require('bufferline.sorters')
053.609  000.050  000.050: require('bufferline.tabpages')
053.726  000.047  000.047: require('bufferline.offset')
053.768  000.039  000.039: require('bufferline.custom_area')
054.572  003.848: first screen update
054.575  000.003: --- NVIM STARTED ---
